# JRE version: OpenJDK Runtime Environment (8.0_76-b03) (build 1.8.0_76-release-b03)
# Java VM: OpenJDK 64-Bit Server VM (25.76-b03 mixed mode windows-amd64 compressed oops)
Heap:
 PSYoungGen      total 269824K, used 232960K [0x00000000d5580000, 0x00000000ff900000, 0x0000000100000000)
  eden space 232960K, 100% used [0x00000000d5580000,0x00000000e3900000,0x00000000e3900000)
  from space 36864K, 0% used [0x00000000e3900000,0x00000000e3900000,0x00000000e5d00000)
  to   space 229376K, 0% used [0x00000000f1900000,0x00000000f1900000,0x00000000ff900000)
 ParOldGen       total 1398272K, used 1397879K [0x0000000080000000, 0x00000000d5580000, 0x00000000d5580000)
  object space 1398272K, 99% used [0x0000000080000000,0x00000000d551dc78,0x00000000d5580000)
 Metaspace       used 125503K, capacity 130456K, committed 134312K, reserved 1167360K
  class space    used 14583K, capacity 15430K, committed 16304K, reserved 1048576K
GC Heap History (10 events):
Event: 6269.035 GC heap after
Heap after GC invocations=1481 (full 1216):
 PSYoungGen      total 269824K, used 232959K [0x00000000d5580000, 0x00000000ff900000, 0x0000000100000000)
  eden space 232960K, 99% used [0x00000000d5580000,0x00000000e38fff20,0x00000000e3900000)
  from space 36864K, 0% used [0x00000000e3900000,0x00000000e3900000,0x00000000e5d00000)
  to   space 229376K, 0% used [0x00000000f1900000,0x00000000f1900000,0x00000000ff900000)
 ParOldGen       total 1398272K, used 1397879K [0x0000000080000000, 0x00000000d5580000, 0x00000000d5580000)
  object space 1398272K, 99% used [0x0000000080000000,0x00000000d551dd50,0x00000000d5580000)
 Metaspace       used 125506K, capacity 130462K, committed 134312K, reserved 1167360K
  class space    used 14584K, capacity 15431K, committed 16304K, reserved 1048576K
}
Event: 6269.036 GC heap before
{Heap before GC invocations=1482 (full 1217):
 PSYoungGen      total 269824K, used 232960K [0x00000000d5580000, 0x00000000ff900000, 0x0000000100000000)
  eden space 232960K, 100% used [0x00000000d5580000,0x00000000e3900000,0x00000000e3900000)
  from space 36864K, 0% used [0x00000000e3900000,0x00000000e3900000,0x00000000e5d00000)
  to   space 229376K, 0% used [0x00000000f1900000,0x00000000f1900000,0x00000000ff900000)
 ParOldGen       total 1398272K, used 1397879K [0x0000000080000000, 0x00000000d5580000, 0x00000000d5580000)
  object space 1398272K, 99% used [0x0000000080000000,0x00000000d551dd50,0x00000000d5580000)
 Metaspace       used 125506K, capacity 130462K, committed 134312K, reserved 1167360K
  class space    used 14584K, capacity 15431K, committed 16304K, reserved 1048576K
Event: 6270.212 GC heap after
Heap after GC invocations=1482 (full 1217):
 PSYoungGen      total 269824K, used 232959K [0x00000000d5580000, 0x00000000ff900000, 0x0000000100000000)
  eden space 232960K, 99% used [0x00000000d5580000,0x00000000e38fff00,0x00000000e3900000)
  from space 36864K, 0% used [0x00000000e3900000,0x00000000e3900000,0x00000000e5d00000)
  to   space 229376K, 0% used [0x00000000f1900000,0x00000000f1900000,0x00000000ff900000)
 ParOldGen       total 1398272K, used 1397879K [0x0000000080000000, 0x00000000d5580000, 0x00000000d5580000)
  object space 1398272K, 99% used [0x0000000080000000,0x00000000d551dd30,0x00000000d5580000)
 Metaspace       used 125506K, capacity 130462K, committed 134312K, reserved 1167360K
  class space    used 14584K, capacity 15431K, committed 16304K, reserved 1048576K
}
Event: 6270.213 GC heap before
{Heap before GC invocations=1483 (full 1218):
 PSYoungGen      total 269824K, used 232960K [0x00000000d5580000, 0x00000000ff900000, 0x0000000100000000)
  eden space 232960K, 100% used [0x00000000d5580000,0x00000000e3900000,0x00000000e3900000)
  from space 36864K, 0% used [0x00000000e3900000,0x00000000e3900000,0x00000000e5d00000)
  to   space 229376K, 0% used [0x00000000f1900000,0x00000000f1900000,0x00000000ff900000)
 ParOldGen       total 1398272K, used 1397879K [0x0000000080000000, 0x00000000d5580000, 0x00000000d5580000)
  object space 1398272K, 99% used [0x0000000080000000,0x00000000d551dd30,0x00000000d5580000)
 Metaspace       used 125506K, capacity 130462K, committed 134312K, reserved 1167360K
  class space    used 14584K, capacity 15431K, committed 16304K, reserved 1048576K
Event: 6271.735 GC heap after
Heap after GC invocations=1483 (full 1218):
 PSYoungGen      total 269824K, used 232959K [0x00000000d5580000, 0x00000000ff900000, 0x0000000100000000)
  eden space 232960K, 99% used [0x00000000d5580000,0x00000000e38fffc0,0x00000000e3900000)
  from space 36864K, 0% used [0x00000000e3900000,0x00000000e3900000,0x00000000e5d00000)
  to   space 229376K, 0% used [0x00000000f1900000,0x00000000f1900000,0x00000000ff900000)
 ParOldGen       total 1398272K, used 1397879K [0x0000000080000000, 0x00000000d5580000, 0x00000000d5580000)
  object space 1398272K, 99% used [0x0000000080000000,0x00000000d551dc90,0x00000000d5580000)
 Metaspace       used 125506K, capacity 130462K, committed 134312K, reserved 1167360K
  class space    used 14584K, capacity 15431K, committed 16304K, reserved 1048576K
}
Event: 6271.735 GC heap before
{Heap before GC invocations=1484 (full 1219):
 PSYoungGen      total 269824K, used 232959K [0x00000000d5580000, 0x00000000ff900000, 0x0000000100000000)
  eden space 232960K, 99% used [0x00000000d5580000,0x00000000e38ffff0,0x00000000e3900000)
  from space 36864K, 0% used [0x00000000e3900000,0x00000000e3900000,0x00000000e5d00000)
  to   space 229376K, 0% used [0x00000000f1900000,0x00000000f1900000,0x00000000ff900000)
 ParOldGen       total 1398272K, used 1397879K [0x0000000080000000, 0x00000000d5580000, 0x00000000d5580000)
  object space 1398272K, 99% used [0x0000000080000000,0x00000000d551dc90,0x00000000d5580000)
 Metaspace       used 125506K, capacity 130462K, committed 134312K, reserved 1167360K
  class space    used 14584K, capacity 15431K, committed 16304K, reserved 1048576K
Event: 6272.883 GC heap after
Heap after GC invocations=1484 (full 1219):
 PSYoungGen      total 269824K, used 232959K [0x00000000d5580000, 0x00000000ff900000, 0x0000000100000000)
  eden space 232960K, 99% used [0x00000000d5580000,0x00000000e38ffff0,0x00000000e3900000)
  from space 36864K, 0% used [0x00000000e3900000,0x00000000e3900000,0x00000000e5d00000)
  to   space 229376K, 0% used [0x00000000f1900000,0x00000000f1900000,0x00000000ff900000)
 ParOldGen       total 1398272K, used 1397879K [0x0000000080000000, 0x00000000d5580000, 0x00000000d5580000)
  object space 1398272K, 99% used [0x0000000080000000,0x00000000d551dc70,0x00000000d5580000)
 Metaspace       used 125506K, capacity 130462K, committed 134312K, reserved 1167360K
  class space    used 14584K, capacity 15431K, committed 16304K, reserved 1048576K
}
Event: 6272.883 GC heap before
{Heap before GC invocations=1485 (full 1220):
 PSYoungGen      total 269824K, used 232960K [0x00000000d5580000, 0x00000000ff900000, 0x0000000100000000)
  eden space 232960K, 100% used [0x00000000d5580000,0x00000000e3900000,0x00000000e3900000)
  from space 36864K, 0% used [0x00000000e3900000,0x00000000e3900000,0x00000000e5d00000)
  to   space 229376K, 0% used [0x00000000f1900000,0x00000000f1900000,0x00000000ff900000)
 ParOldGen       total 1398272K, used 1397881K [0x0000000080000000, 0x00000000d5580000, 0x00000000d5580000)
  object space 1398272K, 99% used [0x0000000080000000,0x00000000d551e488,0x00000000d5580000)
 Metaspace       used 125507K, capacity 130462K, committed 134312K, reserved 1167360K
  class space    used 14584K, capacity 15431K, committed 16304K, reserved 1048576K
Event: 6274.087 GC heap after
Heap after GC invocations=1485 (full 1220):
 PSYoungGen      total 269824K, used 232959K [0x00000000d5580000, 0x00000000ff900000, 0x0000000100000000)
  eden space 232960K, 99% used [0x00000000d5580000,0x00000000e38ffe90,0x00000000e3900000)
  from space 36864K, 0% used [0x00000000e3900000,0x00000000e3900000,0x00000000e5d00000)
  to   space 229376K, 0% used [0x00000000f1900000,0x00000000f1900000,0x00000000ff900000)
 ParOldGen       total 1398272K, used 1397879K [0x0000000080000000, 0x00000000d5580000, 0x00000000d5580000)
  object space 1398272K, 99% used [0x0000000080000000,0x00000000d551dc78,0x00000000d5580000)
 Metaspace       used 125503K, capacity 130456K, committed 134312K, reserved 1167360K
  class space    used 14583K, capacity 15430K, committed 16304K, reserved 1048576K
}
Event: 6274.087 GC heap before
{Heap before GC invocations=1486 (full 1221):
 PSYoungGen      total 269824K, used 232960K [0x00000000d5580000, 0x00000000ff900000, 0x0000000100000000)
  eden space 232960K, 100% used [0x00000000d5580000,0x00000000e3900000,0x00000000e3900000)
  from space 36864K, 0% used [0x00000000e3900000,0x00000000e3900000,0x00000000e5d00000)
  to   space 229376K, 0% used [0x00000000f1900000,0x00000000f1900000,0x00000000ff900000)
 ParOldGen       total 1398272K, used 1397879K [0x0000000080000000, 0x00000000d5580000, 0x00000000d5580000)
  object space 1398272K, 99% used [0x0000000080000000,0x00000000d551dc78,0x00000000d5580000)
 Metaspace       used 125503K, capacity 130456K, committed 134312K, reserved 1167360K
  class space    used 14583K, capacity 15430K, committed 16304K, reserved 1048576K

